<?xml version="1.0" encoding="UTF-8"?>
<testsuite xmlns:xsi="http://www.w3.org/2001/XMLSchema-instance" xsi:noNamespaceSchemaLocation="https://maven.apache.org/surefire/maven-surefire-plugin/xsd/surefire-test-report-3.0.xsd" version="3.0" name="TestSuite" time="186.931" tests="2" errors="0" skipped="0" failures="0">
  <properties>
[...]
</properties>
  <testcase name="LoginTest" classname="com.Banking.Testcases.TC_LoginTest_01" time="18.897">
    <system-out><![CDATA[ INFO [main] (TC_LoginTest_01.java:20)- URL is opened
 INFO [main] (TC_LoginTest_01.java:24)- Entered Username
 INFO [main] (TC_LoginTest_01.java:27)- Entered Password
 INFO [main] (TC_LoginTest_01.java:35)- Login test passed
]]></system-out>
    <system-err><![CDATA[Starting ChromeDriver 83.0.4103.14 (be04594a2b8411758b860104bc0a1033417178be-refs/branch-heads/4103@{#119}) on port 39073
Only local connections are allowed.
Please see https://chromedriver.chromium.org/security-considerations for suggestions on keeping ChromeDriver safe.
ChromeDriver was started successfully.
Jun 20, 2020 9:24:50 PM org.openqa.selenium.remote.ProtocolHandshake createSession
INFO: Detected dialect: W3C
]]></system-err>
  </testcase>
  <testcase name="addNewCCustomer" classname="com.Banking.Testcases.TC_AddCustomerTest_03" time="23.073">
    <system-out><![CDATA[ INFO [main] (TC_AddCustomerTest_03.java:49)- Validation started..
 INFO [main] (TC_AddCustomerTest_03.java:55)- test case passed...
]]></system-out>
    <system-err><![CDATA[Starting ChromeDriver 83.0.4103.14 (be04594a2b8411758b860104bc0a1033417178be-refs/branch-heads/4103@{#119}) on port 38784
Only local connections are allowed.
Please see https://chromedriver.chromium.org/security-considerations for suggestions on keeping ChromeDriver safe.
ChromeDriver was started successfully.
Jun 20, 2020 9:25:52 PM org.openqa.selenium.remote.ProtocolHandshake createSession
INFO: Detected dialect: W3C
]]></system-err>
  </testcase>
</testsuite>