<?xml version="1.0" encoding="UTF-8"?>
<testng-results skipped="0" failed="0" ignored="0" total="2" passed="2">
  <reporter-output>
  </reporter-output>
  <suite name="Banking_HybridFW" duration-ms="164363" started-at="2020-06-20T15:53:48Z" finished-at="2020-06-20T15:56:32Z">
    <groups>
    </groups>
    <test name="BankTest" duration-ms="164363" started-at="2020-06-20T15:53:48Z" finished-at="2020-06-20T15:56:32Z">
      <class name="com.Banking.Testcases.TC_AddCustomerTest_03">
        <test-method status="PASS" signature="setup(java.lang.String)[pri:0, instance:com.Banking.Testcases.TC_AddCustomerTest_03@5034c75a]" name="setup" is-config="true" duration-ms="23537" started-at="2020-06-20T15:55:43Z" finished-at="2020-06-20T15:56:06Z">
          <params>
            <param index="0">
              <value>
                <![CDATA[chrome]]>
              </value>
            </param>
          </params>
          <reporter-output>
          </reporter-output>
        </test-method> <!-- setup -->
        <test-method status="PASS" signature="addNewCCustomer()[pri:0, instance:com.Banking.Testcases.TC_AddCustomerTest_03@5034c75a]" name="addNewCCustomer" duration-ms="23108" started-at="2020-06-20T15:56:06Z" finished-at="2020-06-20T15:56:29Z">
          <reporter-output>
          </reporter-output>
        </test-method> <!-- addNewCCustomer -->
        <test-method status="PASS" signature="tearDown()[pri:0, instance:com.Banking.Testcases.TC_AddCustomerTest_03@5034c75a]" name="tearDown" is-config="true" duration-ms="2925" started-at="2020-06-20T15:56:29Z" finished-at="2020-06-20T15:56:32Z">
          <reporter-output>
          </reporter-output>
        </test-method> <!-- tearDown -->
      </class> <!-- com.Banking.Testcases.TC_AddCustomerTest_03 -->
      <class name="com.Banking.Testcases.TC_LoginTest_01">
        <test-method status="PASS" signature="setup(java.lang.String)[pri:0, instance:com.Banking.Testcases.TC_LoginTest_01@51efea79]" name="setup" is-config="true" duration-ms="76932" started-at="2020-06-20T15:53:55Z" finished-at="2020-06-20T15:55:12Z">
          <params>
            <param index="0">
              <value>
                <![CDATA[chrome]]>
              </value>
            </param>
          </params>
          <reporter-output>
          </reporter-output>
        </test-method> <!-- setup -->
        <test-method status="PASS" signature="LoginTest()[pri:0, instance:com.Banking.Testcases.TC_LoginTest_01@51efea79]" name="LoginTest" duration-ms="18769" started-at="2020-06-20T15:55:12Z" finished-at="2020-06-20T15:55:31Z">
          <reporter-output>
          </reporter-output>
        </test-method> <!-- LoginTest -->
        <test-method status="PASS" signature="tearDown()[pri:0, instance:com.Banking.Testcases.TC_LoginTest_01@51efea79]" name="tearDown" is-config="true" duration-ms="11868" started-at="2020-06-20T15:55:31Z" finished-at="2020-06-20T15:55:43Z">
          <reporter-output>
          </reporter-output>
        </test-method> <!-- tearDown -->
      </class> <!-- com.Banking.Testcases.TC_LoginTest_01 -->
    </test> <!-- BankTest -->
  </suite> <!-- Banking_HybridFW -->
</testng-results>
