<?xml version="1.0" encoding="UTF-8"?>
<!-- Generated by org.testng.reporters.JUnitXMLReporter -->
<testsuite hostname="SIRI" ignored="0" name="Banking Test" tests="1" failures="0" timestamp="11 Jun 2020 10:10:57 GMT" time="0.142" errors="0">
  <testcase name="@BeforeClass setup" time="0.0" classname="com.Banking.Testcases.Baseclass">
    <failure type="org.testng.TestNGException" message="
Can inject only one of &amp;lt;ITestContext, XmlTest&amp;gt; into a @BeforeClass annotated setup.
For more information on native dependency injection please refer to http://testng.org/doc/documentation-main.html#native-dependency-injection">
      <![CDATA[org.testng.TestNGException: 
Can inject only one of <ITestContext, XmlTest> into a @BeforeClass annotated setup.
For more information on native dependency injection please refer to http://testng.org/doc/documentation-main.html#native-dependency-injection
... Removed 23 stack frames]]>
    </failure>
  </testcase> <!-- @BeforeClass setup -->
  <testcase name="@AfterClass tearDown" time="0.0" classname="com.Banking.Testcases.Baseclass">
    <skipped/>
  </testcase> <!-- @AfterClass tearDown -->
  <testcase name="LoginTest" time="0.0" classname="com.Banking.Testcases.TC_LoginTest_01">
    <skipped/>
  </testcase> <!-- LoginTest -->
</testsuite> <!-- Banking Test -->
